<?xml version="1.0" encoding="UTF-8"?>
<testsuite xmlns:xsi="http://www.w3.org/2001/XMLSchema-instance" xsi:noNamespaceSchemaLocation="https://maven.apache.org/surefire/maven-surefire-plugin/xsd/surefire-test-report.xsd" name="org.example.newsApiTest.NewsApiTest" time="7.142" tests="1" errors="0" skipped="0" failures="1">
  <properties>
[...]
</properties>
  <testcase name="GetBooksDetails" classname="org.example.newsApiTest.NewsApiTest" time="5.686">
    <failure message="com.fasterxml.jackson.databind.exc.UnrecognizedPropertyException: Unrecognized field &quot;code&quot; (class org.example.dto.NewsApiResponse), not marked as ignorable (3 known properties: &quot;status&quot;, &quot;articles&quot;, &quot;totalResults&quot;])&#10; at [Source: REDACTED (`StreamReadFeature.INCLUDE_SOURCE_IN_LOCATION` disabled); line: 1, column: 27] (through reference chain: org.example.dto.NewsApiResponse[&quot;code&quot;])" type="java.lang.RuntimeException">java.lang.RuntimeException: 
com.fasterxml.jackson.databind.exc.UnrecognizedPropertyException: Unrecognized field "code" (class org.example.dto.NewsApiResponse), not marked as ignorable (3 known properties: "status", "articles", "totalResults"])
 at [Source: REDACTED (`StreamReadFeature.INCLUDE_SOURCE_IN_LOCATION` disabled); line: 1, column: 27] (through reference chain: org.example.dto.NewsApiResponse["code"])
	at org.example.newsApiTest.NewsApiTest.GetBooksDetails(NewsApiTest.java:36)
Caused by: com.fasterxml.jackson.databind.exc.UnrecognizedPropertyException: 
Unrecognized field "code" (class org.example.dto.NewsApiResponse), not marked as ignorable (3 known properties: "status", "articles", "totalResults"])
 at [Source: REDACTED (`StreamReadFeature.INCLUDE_SOURCE_IN_LOCATION` disabled); line: 1, column: 27] (through reference chain: org.example.dto.NewsApiResponse["code"])
	at org.example.newsApiTest.NewsApiTest.GetBooksDetails(NewsApiTest.java:36)
</failure>
    <system-out><![CDATA[Status received => HTTP/1.1 426 Upgrade Required
]]></system-out>
    <system-err><![CDATA[SLF4J: Failed to load class "org.slf4j.impl.StaticLoggerBinder".
SLF4J: Defaulting to no-operation (NOP) logger implementation
SLF4J: See http://www.slf4j.org/codes.html#StaticLoggerBinder for further details.
]]></system-err>
  </testcase>
</testsuite>